2022-05-20 12:05:36 INFO  ManageDriver :30 - Launching Chrome Browser
2022-05-20 12:05:201 INFO  HomePage :110 - Enter job role [[ChromeDriver: chrome on WINDOWS (61f04988b17a6d27ec2c4c594143c387)] -> xpath: //input[@id='keywords']]
2022-05-20 12:05:448 INFO  HomePage :105 - Enter location [[ChromeDriver: chrome on WINDOWS (61f04988b17a6d27ec2c4c594143c387)] -> xpath: //input[@id='location']]
2022-05-20 12:05:702 INFO  HomePage :100 - Select distance [[ChromeDriver: chrome on WINDOWS (61f04988b17a6d27ec2c4c594143c387)] -> xpath: //select[@id='distance']]
2022-05-20 12:05:173 INFO  ManageDriver :30 - Launching Chrome Browser
2022-05-20 12:05:71 INFO  HomePage :118 - Accepting cookies: [[ChromeDriver: chrome on WINDOWS (c8fdfa666aad7efa48c2516c222be798)] -> xpath: //button[@id='save']]
2022-05-20 12:05:215 INFO  HomePage :110 - Enter job role [[ChromeDriver: chrome on WINDOWS (c8fdfa666aad7efa48c2516c222be798)] -> xpath: //input[@id='keywords']]
2022-05-20 12:05:611 INFO  HomePage :105 - Enter location [[ChromeDriver: chrome on WINDOWS (c8fdfa666aad7efa48c2516c222be798)] -> xpath: //input[@id='location']]
2022-05-20 12:05:767 INFO  HomePage :100 - Select distance [[ChromeDriver: chrome on WINDOWS (c8fdfa666aad7efa48c2516c222be798)] -> xpath: //select[@id='distance']]
2022-05-20 12:05:982 INFO  HomePage :94 - Click on more search option [[ChromeDriver: chrome on WINDOWS (c8fdfa666aad7efa48c2516c222be798)] -> xpath: //button[@id='toggle-hp-search']]
2022-05-20 12:05:230 INFO  HomePage :88 - Select min salary [[ChromeDriver: chrome on WINDOWS (c8fdfa666aad7efa48c2516c222be798)] -> xpath: //input[@id='salarymin']]
2022-05-20 12:05:344 INFO  HomePage :83 - Select max salary [[ChromeDriver: chrome on WINDOWS (c8fdfa666aad7efa48c2516c222be798)] -> xpath: //input[@id='salarymax']]
2022-05-20 12:05:412 INFO  HomePage :78 - Select salary  [[ChromeDriver: chrome on WINDOWS (c8fdfa666aad7efa48c2516c222be798)] -> xpath: //select[@id='salarytype']]
2022-05-20 12:05:534 INFO  HomePage :72 - Select job type Permanent
2022-05-20 12:05:694 INFO  HomePage :67 - Click on find job button [[ChromeDriver: chrome on WINDOWS (c8fdfa666aad7efa48c2516c222be798)] -> xpath: //input[@id='hp-search-btn']]
2022-05-20 12:05:657 INFO  ResultPage :25 - Verify results : [[ChromeDriver: chrome on WINDOWS (c8fdfa666aad7efa48c2516c222be798)] -> xpath: //h1[@class='search-header__title']]
2022-05-20 12:05:327 INFO  ManageDriver :30 - Launching Chrome Browser
2022-05-20 12:05:426 INFO  HomePage :118 - Accepting cookies: [[ChromeDriver: chrome on WINDOWS (6f5c3c85b77fafe07afee72d30d2c6a1)] -> xpath: //button[@id='save']]
2022-05-20 12:05:737 INFO  HomePage :110 - Enter job role [[ChromeDriver: chrome on WINDOWS (6f5c3c85b77fafe07afee72d30d2c6a1)] -> xpath: //input[@id='keywords']]
2022-05-20 12:05:60 INFO  HomePage :105 - Enter location [[ChromeDriver: chrome on WINDOWS (6f5c3c85b77fafe07afee72d30d2c6a1)] -> xpath: //input[@id='location']]
2022-05-20 12:05:210 INFO  HomePage :100 - Select distance [[ChromeDriver: chrome on WINDOWS (6f5c3c85b77fafe07afee72d30d2c6a1)] -> xpath: //select[@id='distance']]
2022-05-20 12:05:365 INFO  HomePage :94 - Click on more search option [[ChromeDriver: chrome on WINDOWS (6f5c3c85b77fafe07afee72d30d2c6a1)] -> xpath: //button[@id='toggle-hp-search']]
2022-05-20 12:05:650 INFO  HomePage :88 - Select min salary [[ChromeDriver: chrome on WINDOWS (6f5c3c85b77fafe07afee72d30d2c6a1)] -> xpath: //input[@id='salarymin']]
2022-05-20 12:05:759 INFO  HomePage :83 - Select max salary [[ChromeDriver: chrome on WINDOWS (6f5c3c85b77fafe07afee72d30d2c6a1)] -> xpath: //input[@id='salarymax']]
2022-05-20 12:05:830 INFO  HomePage :78 - Select salary  [[ChromeDriver: chrome on WINDOWS (6f5c3c85b77fafe07afee72d30d2c6a1)] -> xpath: //select[@id='salarytype']]
2022-05-20 12:05:953 INFO  HomePage :72 - Select job type Permanent
2022-05-20 12:05:136 INFO  HomePage :67 - Click on find job button [[ChromeDriver: chrome on WINDOWS (6f5c3c85b77fafe07afee72d30d2c6a1)] -> xpath: //input[@id='hp-search-btn']]
2022-05-20 12:05:225 INFO  ResultPage :25 - Verify results : [[ChromeDriver: chrome on WINDOWS (6f5c3c85b77fafe07afee72d30d2c6a1)] -> xpath: //h1[@class='search-header__title']]
2022-05-20 12:05:887 INFO  ManageDriver :30 - Launching Chrome Browser
2022-05-20 12:05:292 INFO  HomePage :118 - Accepting cookies: [[ChromeDriver: chrome on WINDOWS (ff7c54fff67b5dcf04deefdfb07cf7cc)] -> xpath: //button[@id='save']]
2022-05-20 12:05:743 INFO  HomePage :110 - Enter job role [[ChromeDriver: chrome on WINDOWS (ff7c54fff67b5dcf04deefdfb07cf7cc)] -> xpath: //input[@id='keywords']]
2022-05-20 12:05:856 INFO  HomePage :105 - Enter location [[ChromeDriver: chrome on WINDOWS (ff7c54fff67b5dcf04deefdfb07cf7cc)] -> xpath: //input[@id='location']]
2022-05-20 12:05:03 INFO  HomePage :100 - Select distance [[ChromeDriver: chrome on WINDOWS (ff7c54fff67b5dcf04deefdfb07cf7cc)] -> xpath: //select[@id='distance']]
2022-05-20 12:05:518 INFO  HomePage :94 - Click on more search option [[ChromeDriver: chrome on WINDOWS (ff7c54fff67b5dcf04deefdfb07cf7cc)] -> xpath: //button[@id='toggle-hp-search']]
2022-05-20 12:05:754 INFO  HomePage :88 - Select min salary [[ChromeDriver: chrome on WINDOWS (ff7c54fff67b5dcf04deefdfb07cf7cc)] -> xpath: //input[@id='salarymin']]
2022-05-20 12:05:890 INFO  HomePage :83 - Select max salary [[ChromeDriver: chrome on WINDOWS (ff7c54fff67b5dcf04deefdfb07cf7cc)] -> xpath: //input[@id='salarymax']]
2022-05-20 12:05:961 INFO  HomePage :78 - Select salary  [[ChromeDriver: chrome on WINDOWS (ff7c54fff67b5dcf04deefdfb07cf7cc)] -> xpath: //select[@id='salarytype']]
2022-05-20 12:05:89 INFO  HomePage :72 - Select job type Permanent
2022-05-20 12:05:264 INFO  HomePage :67 - Click on find job button [[ChromeDriver: chrome on WINDOWS (ff7c54fff67b5dcf04deefdfb07cf7cc)] -> xpath: //input[@id='hp-search-btn']]
2022-05-20 12:05:288 INFO  ResultPage :25 - Verify results : [[ChromeDriver: chrome on WINDOWS (ff7c54fff67b5dcf04deefdfb07cf7cc)] -> xpath: //h1[@class='search-header__title']]
2022-05-20 12:05:263 INFO  ManageDriver :30 - Launching Chrome Browser
2022-05-20 12:05:504 INFO  HomePage :118 - Accepting cookies: [[ChromeDriver: chrome on WINDOWS (da1c29e031aec7989ce50c064426bc7d)] -> xpath: //button[@id='save']]
2022-05-20 12:05:703 INFO  HomePage :110 - Enter job role [[ChromeDriver: chrome on WINDOWS (da1c29e031aec7989ce50c064426bc7d)] -> xpath: //input[@id='keywords']]
2022-05-20 12:05:60 INFO  HomePage :105 - Enter location [[ChromeDriver: chrome on WINDOWS (da1c29e031aec7989ce50c064426bc7d)] -> xpath: //input[@id='location']]
2022-05-20 12:05:136 INFO  HomePage :100 - Select distance [[ChromeDriver: chrome on WINDOWS (da1c29e031aec7989ce50c064426bc7d)] -> xpath: //select[@id='distance']]
2022-05-20 12:05:295 INFO  HomePage :94 - Click on more search option [[ChromeDriver: chrome on WINDOWS (da1c29e031aec7989ce50c064426bc7d)] -> xpath: //button[@id='toggle-hp-search']]
2022-05-20 12:05:541 INFO  HomePage :88 - Select min salary [[ChromeDriver: chrome on WINDOWS (da1c29e031aec7989ce50c064426bc7d)] -> xpath: //input[@id='salarymin']]
2022-05-20 12:05:653 INFO  HomePage :83 - Select max salary [[ChromeDriver: chrome on WINDOWS (da1c29e031aec7989ce50c064426bc7d)] -> xpath: //input[@id='salarymax']]
2022-05-20 12:05:717 INFO  HomePage :78 - Select salary  [[ChromeDriver: chrome on WINDOWS (da1c29e031aec7989ce50c064426bc7d)] -> xpath: //select[@id='salarytype']]
2022-05-20 12:05:848 INFO  HomePage :72 - Select job type Contract
2022-05-20 12:05:81 INFO  HomePage :67 - Click on find job button [[ChromeDriver: chrome on WINDOWS (da1c29e031aec7989ce50c064426bc7d)] -> xpath: //input[@id='hp-search-btn']]
2022-05-20 12:05:250 INFO  ResultPage :25 - Verify results : [[ChromeDriver: chrome on WINDOWS (da1c29e031aec7989ce50c064426bc7d)] -> xpath: //h1[@class='search-header__title']]
2022-05-20 12:05:265 INFO  ManageDriver :30 - Launching Chrome Browser
2022-05-20 12:05:384 INFO  HomePage :118 - Accepting cookies: [[ChromeDriver: chrome on WINDOWS (2c29fc2f1594184550da313ec3764f70)] -> xpath: //button[@id='save']]
2022-05-20 12:05:537 INFO  HomePage :110 - Enter job role [[ChromeDriver: chrome on WINDOWS (2c29fc2f1594184550da313ec3764f70)] -> xpath: //input[@id='keywords']]
2022-05-20 12:05:970 INFO  HomePage :105 - Enter location [[ChromeDriver: chrome on WINDOWS (2c29fc2f1594184550da313ec3764f70)] -> xpath: //input[@id='location']]
2022-05-20 12:05:97 INFO  HomePage :100 - Select distance [[ChromeDriver: chrome on WINDOWS (2c29fc2f1594184550da313ec3764f70)] -> xpath: //select[@id='distance']]
2022-05-20 12:05:272 INFO  HomePage :94 - Click on more search option [[ChromeDriver: chrome on WINDOWS (2c29fc2f1594184550da313ec3764f70)] -> xpath: //button[@id='toggle-hp-search']]
2022-05-20 12:05:491 INFO  HomePage :88 - Select min salary [[ChromeDriver: chrome on WINDOWS (2c29fc2f1594184550da313ec3764f70)] -> xpath: //input[@id='salarymin']]
2022-05-20 12:05:614 INFO  HomePage :83 - Select max salary [[ChromeDriver: chrome on WINDOWS (2c29fc2f1594184550da313ec3764f70)] -> xpath: //input[@id='salarymax']]
2022-05-20 12:05:674 INFO  HomePage :78 - Select salary  [[ChromeDriver: chrome on WINDOWS (2c29fc2f1594184550da313ec3764f70)] -> xpath: //select[@id='salarytype']]
2022-05-20 12:05:735 INFO  HomePage :72 - Select job type Any
2022-05-20 12:05:975 INFO  HomePage :67 - Click on find job button [[ChromeDriver: chrome on WINDOWS (2c29fc2f1594184550da313ec3764f70)] -> xpath: //input[@id='hp-search-btn']]
2022-05-20 12:05:940 INFO  ResultPage :25 - Verify results : [[ChromeDriver: chrome on WINDOWS (2c29fc2f1594184550da313ec3764f70)] -> xpath: //h1[@class='search-header__title']]
2022-05-20 12:05:53 INFO  ManageDriver :30 - Launching Chrome Browser
2022-05-20 12:05:458 INFO  HomePage :118 - Accepting cookies: [[ChromeDriver: chrome on WINDOWS (fc59d9c4b39e0e971c15ee127d523584)] -> xpath: //button[@id='save']]
2022-05-20 12:05:602 INFO  HomePage :110 - Enter job role [[ChromeDriver: chrome on WINDOWS (fc59d9c4b39e0e971c15ee127d523584)] -> xpath: //input[@id='keywords']]
2022-05-20 12:05:77 INFO  HomePage :105 - Enter location [[ChromeDriver: chrome on WINDOWS (fc59d9c4b39e0e971c15ee127d523584)] -> xpath: //input[@id='location']]
2022-05-20 12:05:195 INFO  HomePage :100 - Select distance [[ChromeDriver: chrome on WINDOWS (fc59d9c4b39e0e971c15ee127d523584)] -> xpath: //select[@id='distance']]
2022-05-20 12:05:349 INFO  HomePage :94 - Click on more search option [[ChromeDriver: chrome on WINDOWS (fc59d9c4b39e0e971c15ee127d523584)] -> xpath: //button[@id='toggle-hp-search']]
2022-05-20 12:05:612 INFO  HomePage :88 - Select min salary [[ChromeDriver: chrome on WINDOWS (fc59d9c4b39e0e971c15ee127d523584)] -> xpath: //input[@id='salarymin']]
2022-05-20 12:05:698 INFO  HomePage :83 - Select max salary [[ChromeDriver: chrome on WINDOWS (fc59d9c4b39e0e971c15ee127d523584)] -> xpath: //input[@id='salarymax']]
2022-05-20 12:05:788 INFO  HomePage :78 - Select salary  [[ChromeDriver: chrome on WINDOWS (fc59d9c4b39e0e971c15ee127d523584)] -> xpath: //select[@id='salarytype']]
2022-05-20 12:05:888 INFO  HomePage :72 - Select job type Permanent
2022-05-20 12:05:23 INFO  HomePage :67 - Click on find job button [[ChromeDriver: chrome on WINDOWS (fc59d9c4b39e0e971c15ee127d523584)] -> xpath: //input[@id='hp-search-btn']]
2022-05-20 12:05:390 INFO  ResultPage :25 - Verify results : [[ChromeDriver: chrome on WINDOWS (fc59d9c4b39e0e971c15ee127d523584)] -> xpath: //h1[@class='search-header__title']]
2022-05-20 12:05:745 INFO  ManageDriver :30 - Launching Chrome Browser
2022-05-20 12:05:360 INFO  HomePage :118 - Accepting cookies: [[ChromeDriver: chrome on WINDOWS (3e508e178eac091208c3f7901fbbfc8c)] -> xpath: //button[@id='save']]
2022-05-20 12:05:567 INFO  HomePage :110 - Enter job role [[ChromeDriver: chrome on WINDOWS (3e508e178eac091208c3f7901fbbfc8c)] -> xpath: //input[@id='keywords']]
2022-05-20 12:05:963 INFO  HomePage :105 - Enter location [[ChromeDriver: chrome on WINDOWS (3e508e178eac091208c3f7901fbbfc8c)] -> xpath: //input[@id='location']]
2022-05-20 12:05:96 INFO  HomePage :100 - Select distance [[ChromeDriver: chrome on WINDOWS (3e508e178eac091208c3f7901fbbfc8c)] -> xpath: //select[@id='distance']]
2022-05-20 12:05:269 INFO  HomePage :94 - Click on more search option [[ChromeDriver: chrome on WINDOWS (3e508e178eac091208c3f7901fbbfc8c)] -> xpath: //button[@id='toggle-hp-search']]
2022-05-20 12:05:554 INFO  HomePage :88 - Select min salary [[ChromeDriver: chrome on WINDOWS (3e508e178eac091208c3f7901fbbfc8c)] -> xpath: //input[@id='salarymin']]
2022-05-20 12:05:642 INFO  HomePage :83 - Select max salary [[ChromeDriver: chrome on WINDOWS (3e508e178eac091208c3f7901fbbfc8c)] -> xpath: //input[@id='salarymax']]
2022-05-20 12:05:832 INFO  HomePage :78 - Select salary  [[ChromeDriver: chrome on WINDOWS (3e508e178eac091208c3f7901fbbfc8c)] -> xpath: //select[@id='salarytype']]
2022-05-20 12:05:03 INFO  HomePage :72 - Select job type Contract
2022-05-20 12:05:178 INFO  HomePage :67 - Click on find job button [[ChromeDriver: chrome on WINDOWS (3e508e178eac091208c3f7901fbbfc8c)] -> xpath: //input[@id='hp-search-btn']]
2022-05-20 12:05:938 INFO  ResultPage :25 - Verify results : [[ChromeDriver: chrome on WINDOWS (3e508e178eac091208c3f7901fbbfc8c)] -> xpath: //h1[@class='search-header__title']]
2022-05-20 12:05:15 INFO  ManageDriver :30 - Launching Chrome Browser
2022-05-20 12:05:503 INFO  HomePage :118 - Accepting cookies: [[ChromeDriver: chrome on WINDOWS (c32ca96255d87358af808c6f3fb861e5)] -> xpath: //button[@id='save']]
2022-05-20 12:05:640 INFO  HomePage :110 - Enter job role [[ChromeDriver: chrome on WINDOWS (c32ca96255d87358af808c6f3fb861e5)] -> xpath: //input[@id='keywords']]
2022-05-20 12:05:81 INFO  HomePage :105 - Enter location [[ChromeDriver: chrome on WINDOWS (c32ca96255d87358af808c6f3fb861e5)] -> xpath: //input[@id='location']]
2022-05-20 12:05:198 INFO  HomePage :100 - Select distance [[ChromeDriver: chrome on WINDOWS (c32ca96255d87358af808c6f3fb861e5)] -> xpath: //select[@id='distance']]
2022-05-20 12:05:375 INFO  HomePage :94 - Click on more search option [[ChromeDriver: chrome on WINDOWS (c32ca96255d87358af808c6f3fb861e5)] -> xpath: //button[@id='toggle-hp-search']]
2022-05-20 12:05:574 INFO  HomePage :88 - Select min salary [[ChromeDriver: chrome on WINDOWS (c32ca96255d87358af808c6f3fb861e5)] -> xpath: //input[@id='salarymin']]
2022-05-20 12:05:662 INFO  HomePage :83 - Select max salary [[ChromeDriver: chrome on WINDOWS (c32ca96255d87358af808c6f3fb861e5)] -> xpath: //input[@id='salarymax']]
2022-05-20 12:05:780 INFO  HomePage :78 - Select salary  [[ChromeDriver: chrome on WINDOWS (c32ca96255d87358af808c6f3fb861e5)] -> xpath: //select[@id='salarytype']]
2022-05-20 12:05:882 INFO  HomePage :72 - Select job type Contract
2022-05-20 12:05:62 INFO  HomePage :67 - Click on find job button [[ChromeDriver: chrome on WINDOWS (c32ca96255d87358af808c6f3fb861e5)] -> xpath: //input[@id='hp-search-btn']]
2022-05-20 12:05:157 INFO  ResultPage :25 - Verify results : [[ChromeDriver: chrome on WINDOWS (c32ca96255d87358af808c6f3fb861e5)] -> xpath: //h1[@class='search-header__title']]
